<?xml version="1.0" encoding="UTF-8"?>
<!-- Generated by org.testng.reporters.JUnitReportReporter -->
<testsuite skipped="0" hostname="PF19GKQ2" name="TestCases.tc1GetAllEmployeeData" tests="2" failures="0" timestamp="28 Nov 2019 05:30:50 GMT" time="0.013" errors="0">
  <testcase name="getResponseCode" time="0.008" classname="TestCases.tc1GetAllEmployeeData"/>
  <testcase name="getStatusLine" time="0.005" classname="TestCases.tc1GetAllEmployeeData"/>
</testsuite> <!-- TestCases.tc1GetAllEmployeeData -->
