<?xml version="1.0" encoding="UTF-8"?>
<!-- Generated by org.testng.reporters.JUnitReportReporter -->
<testsuite skipped="0" hostname="PF19GKQ2" name="TestCases.tc3GetEmployeeDelete" tests="2" failures="0" timestamp="28 Nov 2019 05:30:50 GMT" time="0.010" errors="0">
  <testcase name="getStatusLine" time="0.004" classname="TestCases.tc3GetEmployeeDelete"/>
  <testcase name="getResponseCode" time="0.006" classname="TestCases.tc3GetEmployeeDelete"/>
</testsuite> <!-- TestCases.tc3GetEmployeeDelete -->
