<?xml version="1.0" encoding="UTF-8"?>
<!-- Generated by org.testng.reporters.JUnitReportReporter -->
<testsuite skipped="0" hostname="PF19GKQ2" name="TestCases.tc2GetSingleEmployeeDetails" tests="2" failures="0" timestamp="28 Nov 2019 05:30:50 GMT" time="0.003" errors="0">
  <testcase name="getStatusLine" time="0.002" classname="TestCases.tc2GetSingleEmployeeDetails"/>
  <testcase name="getResponseCode" time="0.001" classname="TestCases.tc2GetSingleEmployeeDetails"/>
</testsuite> <!-- TestCases.tc2GetSingleEmployeeDetails -->
